2023-08-18 00:59:53 ERROR Utilities:74 - [TestID:TC_06_05][TestResult name=TC_06_05 status=FAILURE method=UpdateAccountInfo.TC_06_05()[pri:0, instance:TestSuite.UpdateAccountInfo@7e6f74c] output={null}]
2023-08-18 01:00:14 ERROR Utilities:74 - [TestID:TC_06_06][TestResult name=TC_06_06 status=FAILURE method=UpdateAccountInfo.TC_06_06()[pri:0, instance:TestSuite.UpdateAccountInfo@7e6f74c] output={null}]
2023-08-18 01:00:48 ERROR Utilities:74 - [TestID:TC_06_09][TestResult name=TC_06_09 status=FAILURE method=UpdateAccountInfo.TC_06_09()[pri:0, instance:TestSuite.UpdateAccountInfo@7e6f74c] output={null}]
